[    0.000000] Linux version 5.15.0-127-generic (buildd@lcy02-amd64-019) (gcc (Ubuntu 11.4.0-1ubuntu1~22.04) 11.4.0, GNU ld (GNU Binutils for Ubuntu) 2.38) #137-Ubuntu SMP Fri Nov 8 15:21:01 UTC 2024 (Ubuntu 5.15.0-127.137-generic 5.15.168)
[    0.000000] Command line: BOOT_IMAGE=/boot/vmlinuz-5.15.0-127-generic root=UUID=b796ff2c-f407-4fbc-8eba-3752ca683ea4 ro console=tty1 console=ttyS0
[    0.000000] KERNEL supported cpus:
[    0.000000]   Intel GenuineIntel
[    0.000000]   AMD AuthenticAMD
[    0.000000]   Hygon HygonGenuine
[    0.000000]   Centaur CentaurHauls
[    0.000000]   zhaoxin   Shanghai  
[    0.000000] BIOS-provided physical RAM map:
[    0.000000] BIOS-e820: [mem 0x0000000000000000-0x000000000009fbff] usable
[    0.000000] BIOS-e820: [mem 0x000000000009fc00-0x000000000009ffff] reserved
[    0.000000] BIOS-e820: [mem 0x00000000000f0000-0x00000000000fffff] reserved
[    0.000000] BIOS-e820: [mem 0x0000000000100000-0x000000003ffeffff] usable
[    0.000000] BIOS-e820: [mem 0x000000003fff0000-0x000000003fffffff] ACPI data
[    0.000000] BIOS-e820: [mem 0x00000000fec00000-0x00000000fec00fff] reserved
[    0.000000] BIOS-e820: [mem 0x00000000fee00000-0x00000000fee00fff] reserved
[    0.000000] BIOS-e820: [mem 0x00000000fffc0000-0x00000000ffffffff] reserved
[    0.000000] NX (Execute Disable) protection: active
[    0.000000] SMBIOS 2.5 present.
[    0.000000] DMI: innotek GmbH VirtualBox/VirtualBox, BIOS VirtualBox 12/01/2006
[    0.000000] Hypervisor detected: KVM
[    0.000000] kvm-clock: Using msrs 4b564d01 and 4b564d00
[    0.000000] kvm-clock: cpu 0, msr 17801001, primary cpu clock
[    0.000004] kvm-clock: using sched offset of 4678602940 cycles
[    0.000008] clocksource: kvm-clock: mask: 0xffffffffffffffff max_cycles: 0x1cd42e4dffb, max_idle_ns: 881590591483 ns
[    0.000013] tsc: Detected 1996.798 MHz processor
[    0.003089] last_pfn = 0x3fff0 max_arch_pfn = 0x400000000
[    0.003184] x86/PAT: Configuration [0-7]: WB  WC  UC- UC  WB  WP  UC- WT  
[    0.003203] CPU MTRRs all blank - virtualized system.
[    0.018833] found SMP MP-table at [mem 0x0009fbf0-0x0009fbff]
[    0.019018] RAMDISK: [mem 0x3435f000-0x361a6fff]
[    0.019024] ACPI: Early table checksum verification disabled
[    0.019029] ACPI: RSDP 0x00000000000E0000 000024 (v02 VBOX  )
[    0.019036] ACPI: XSDT 0x000000003FFF0030 00003C (v01 VBOX   VBOXXSDT 00000001 ASL  00000061)
[    0.019044] ACPI: FACP 0x000000003FFF00F0 0000F4 (v04 VBOX   VBOXFACP 00000001 ASL  00000061)
[    0.019053] ACPI: DSDT 0x000000003FFF0610 002353 (v02 VBOX   VBOXBIOS 00000002 INTL 20100528)
[    0.019058] ACPI: FACS 0x000000003FFF0200 000040
[    0.019063] ACPI: FACS 0x000000003FFF0200 000040
[    0.019068] ACPI: APIC 0x000000003FFF0240 00005C (v02 VBOX   VBOXAPIC 00000001 ASL  00000061)
[    0.019073] ACPI: SSDT 0x000000003FFF02A0 00036C (v01 VBOX   VBOXCPUT 00000002 INTL 20100528)
[    0.019077] ACPI: Reserving FACP table memory at [mem 0x3fff00f0-0x3fff01e3]
[    0.019080] ACPI: Reserving DSDT table memory at [mem 0x3fff0610-0x3fff2962]
[    0.019081] ACPI: Reserving FACS table memory at [mem 0x3fff0200-0x3fff023f]
[    0.019083] ACPI: Reserving FACS table memory at [mem 0x3fff0200-0x3fff023f]
[    0.019085] ACPI: Reserving APIC table memory at [mem 0x3fff0240-0x3fff029b]
[    0.019086] ACPI: Reserving SSDT table memory at [mem 0x3fff02a0-0x3fff060b]
[    0.020549] No NUMA configuration found
[    0.020553] Faking a node at [mem 0x0000000000000000-0x000000003ffeffff]
[    0.020562] NODE_DATA(0) allocated [mem 0x3ffc6000-0x3ffeffff]
[    0.020794] Zone ranges:
[    0.020795]   DMA      [mem 0x0000000000001000-0x0000000000ffffff]
[    0.020797]   DMA32    [mem 0x0000000001000000-0x000000003ffeffff]
[    0.020798]   Normal   empty
[    0.020800]   Device   empty
[    0.020801] Movable zone start for each node
[    0.020803] Early memory node ranges
[    0.020803]   node   0: [mem 0x0000000000001000-0x000000000009efff]
[    0.020805]   node   0: [mem 0x0000000000100000-0x000000003ffeffff]
[    0.020806] Initmem setup node 0 [mem 0x0000000000001000-0x000000003ffeffff]
[    0.020811] On node 0, zone DMA: 1 pages in unavailable ranges
[    0.020838] On node 0, zone DMA: 97 pages in unavailable ranges
[    0.022738] On node 0, zone DMA32: 16 pages in unavailable ranges
[    0.024417] ACPI: PM-Timer IO Port: 0x4008
[    0.024704] IOAPIC[0]: apic_id 2, version 32, address 0xfec00000, GSI 0-23
[    0.024709] ACPI: INT_SRC_OVR (bus 0 bus_irq 0 global_irq 2 dfl dfl)
[    0.024712] ACPI: INT_SRC_OVR (bus 0 bus_irq 9 global_irq 9 low level)
[    0.024716] ACPI: Using ACPI (MADT) for SMP configuration information
[    0.024744] smpboot: Allowing 2 CPUs, 0 hotplug CPUs
[    0.024886] PM: hibernation: Registered nosave memory: [mem 0x00000000-0x00000fff]
[    0.024888] PM: hibernation: Registered nosave memory: [mem 0x0009f000-0x0009ffff]
[    0.024889] PM: hibernation: Registered nosave memory: [mem 0x000a0000-0x000effff]
[    0.024890] PM: hibernation: Registered nosave memory: [mem 0x000f0000-0x000fffff]
[    0.024891] [mem 0x40000000-0xfebfffff] available for PCI devices
[    0.024893] Booting paravirtualized kernel on KVM
[    0.024895] clocksource: refined-jiffies: mask: 0xffffffff max_cycles: 0xffffffff, max_idle_ns: 7645519600211568 ns
[    0.024902] setup_percpu: NR_CPUS:8192 nr_cpumask_bits:2 nr_cpu_ids:2 nr_node_ids:1
[    0.025022] percpu: Embedded 62 pages/cpu s217088 r8192 d28672 u1048576
[    0.025142] kvm-guest: PV spinlocks enabled
[    0.025146] PV qspinlock hash table entries: 256 (order: 0, 4096 bytes, linear)
[    0.025178] Built 1 zonelists, mobility grouping on.  Total pages: 257776
[    0.025180] Policy zone: DMA32
[    0.025181] Kernel command line: BOOT_IMAGE=/boot/vmlinuz-5.15.0-127-generic root=UUID=b796ff2c-f407-4fbc-8eba-3752ca683ea4 ro console=tty1 console=ttyS0
[    0.025225] Unknown kernel command line parameters "BOOT_IMAGE=/boot/vmlinuz-5.15.0-127-generic", will be passed to user space.
[    0.025408] Dentry cache hash table entries: 131072 (order: 8, 1048576 bytes, linear)
[    0.025431] Inode-cache hash table entries: 65536 (order: 7, 524288 bytes, linear)
[    0.025480] mem auto-init: stack:off, heap alloc:on, heap free:off
[    0.027608] Memory: 940160K/1048120K available (16392K kernel code, 4397K rwdata, 10972K rodata, 3372K init, 18696K bss, 107700K reserved, 0K cma-reserved)
[    0.029093] SLUB: HWalign=64, Order=0-3, MinObjects=0, CPUs=2, Nodes=1
[    0.029194] ftrace: allocating 50800 entries in 199 pages
[    0.049893] ftrace: allocated 199 pages with 5 groups
[    0.050101] rcu: Hierarchical RCU implementation.
[    0.050103] rcu: 	RCU restricting CPUs from NR_CPUS=8192 to nr_cpu_ids=2.
[    0.050104] 	Rude variant of Tasks RCU enabled.
[    0.050105] 	Tracing variant of Tasks RCU enabled.
[    0.050106] rcu: RCU calculated value of scheduler-enlistment delay is 25 jiffies.
[    0.050107] rcu: Adjusting geometry for rcu_fanout_leaf=16, nr_cpu_ids=2
[    0.054477] NR_IRQS: 524544, nr_irqs: 440, preallocated irqs: 16
[    0.054950] random: crng init done
[    0.097146] Console: colour VGA+ 80x25
[    0.348979] printk: console [tty1] enabled
[    0.612944] printk: console [ttyS0] enabled
[    0.616081] ACPI: Core revision 20210730
[    0.620363] APIC: Switch to symmetric I/O mode setup
[    0.641203] ..TIMER: vector=0x30 apic1=0 pin1=2 apic2=-1 pin2=-1
[    0.647521] clocksource: tsc-early: mask: 0xffffffffffffffff max_cycles: 0x3990babca65, max_idle_ns: 881590531705 ns
[    0.656028] Calibrating delay loop (skipped) preset value.. 3993.59 BogoMIPS (lpj=7987192)
[    0.664208] Last level iTLB entries: 4KB 0, 2MB 0, 4MB 0
[    0.668025] Last level dTLB entries: 4KB 0, 2MB 0, 4MB 0, 1GB 0
[    0.672030] Spectre V1 : Mitigation: usercopy/swapgs barriers and __user pointer sanitization
[    0.676026] Spectre V2 : Spectre BHI mitigation: SW BHB clearing on vm exit
[    0.680025] Spectre V2 : Spectre BHI mitigation: SW BHB clearing on syscall
[    0.684025] Spectre V2 : Mitigation: Enhanced / Automatic IBRS
[    0.688025] Spectre V2 : Spectre v2 / SpectreRSB mitigation: Filling RSB on context switch
[    0.692025] Spectre V2 : Spectre v2 / PBRSB-eIBRS: Retire a single CALL on VMEXIT
[    0.696026] RETBleed: Mitigation: Enhanced IBRS
[    0.700025] Speculative Store Bypass: Vulnerable
[    0.704028] x86/fpu: x87 FPU will use FXSAVE
[    0.734556] Freeing SMP alternatives memory: 44K
[    0.736029] pid_max: default: 32768 minimum: 301
[    0.740050] LSM: Security Framework initializing
[    0.743136] landlock: Up and running.
[    0.744025] Yama: becoming mindful.
[    0.748056] AppArmor: AppArmor initialized
[    0.752058] Mount-cache hash table entries: 2048 (order: 2, 16384 bytes, linear)
[    0.756028] Mountpoint-cache hash table entries: 2048 (order: 2, 16384 bytes, linear)
[    0.872334] smpboot: CPU0: 11th Gen Intel(R) Core(TM) i3-1125G4 @ 2.00GHz (family: 0x6, model: 0x8c, stepping: 0x1)
[    0.880162] Performance Events: unsupported p6 CPU model 140 no PMU driver, software events only.
[    0.884039] signal: max sigframe size: 1440
[    0.888052] rcu: Hierarchical SRCU implementation.
[    0.892387] NMI watchdog: Perf NMI watchdog permanently disabled
[    0.896077] smp: Bringing up secondary CPUs ...
[    0.900115] x86: Booting SMP configuration:
[    0.902956] .... node  #0, CPUs:      #1
[    0.605116] kvm-clock: cpu 1, msr 17801041, secondary cpu clock
[    0.911854] TSC synchronization [CPU#0 -> CPU#1]:
[    0.912023] Measured 64572 cycles TSC warp between CPUs, turning off TSC clock.
[    0.912023] tsc: Marking TSC unstable due to check_tsc_sync_source failed
[    0.916484] smp: Brought up 1 node, 2 CPUs
[    0.920028] smpboot: Max logical packages: 1
[    0.923121] smpboot: Total of 2 processors activated (7987.19 BogoMIPS)
[    0.928368] devtmpfs: initialized
[    0.932078] x86/mm: Memory block size: 128MB
[    0.936211] clocksource: jiffies: mask: 0xffffffff max_cycles: 0xffffffff, max_idle_ns: 7645041785100000 ns
[    0.940031] futex hash table entries: 512 (order: 3, 32768 bytes, linear)
[    0.944088] pinctrl core: initialized pinctrl subsystem
[    0.948025] PM: RTC time: 18:18:39, date: 2024-12-27
[    0.952373] NET: Registered PF_NETLINK/PF_ROUTE protocol family
[    0.956124] DMA: preallocated 128 KiB GFP_KERNEL pool for atomic allocations
[    0.960045] DMA: preallocated 128 KiB GFP_KERNEL|GFP_DMA pool for atomic allocations
[    0.964046] DMA: preallocated 128 KiB GFP_KERNEL|GFP_DMA32 pool for atomic allocations
[    0.968039] audit: initializing netlink subsys (disabled)
[    0.972162] audit: type=2000 audit(1735323525.003:1): state=initialized audit_enabled=0 res=1
[    0.972303] thermal_sys: Registered thermal governor 'fair_share'
[    0.976027] thermal_sys: Registered thermal governor 'bang_bang'
[    0.980025] thermal_sys: Registered thermal governor 'step_wise'
[    0.984026] thermal_sys: Registered thermal governor 'user_space'
[    0.988025] thermal_sys: Registered thermal governor 'power_allocator'
[    0.992041] EISA bus registered
[    1.000039] cpuidle: using governor ladder
[    1.004033] cpuidle: using governor menu
[    1.006963] ACPI: bus type PCI registered
[    1.008026] acpiphp: ACPI Hot Plug PCI Controller Driver version: 0.5
[    1.012293] PCI: Using configuration type 1 for base access
[    1.017105] kprobes: kprobe jump-optimization is enabled. All kprobes are optimized if possible.
[    1.020332] HugeTLB registered 2.00 MiB page size, pre-allocated 0 pages
[    1.064363] ACPI: Added _OSI(Module Device)
[    1.068034] ACPI: Added _OSI(Processor Device)
[    1.072027] ACPI: Added _OSI(3.0 _SCP Extensions)
[    1.076034] ACPI: Added _OSI(Processor Aggregator Device)
[    1.080033] ACPI: Added _OSI(Linux-Dell-Video)
[    1.084040] ACPI: Added _OSI(Linux-Lenovo-NV-HDMI-Audio)
[    1.088032] ACPI: Added _OSI(Linux-HPI-Hybrid-Graphics)
[    1.096307] ACPI: 2 ACPI AML tables successfully acquired and loaded
[    1.105547] ACPI: Interpreter enabled
[    1.108038] ACPI: PM: (supports S0 S5)
[    1.112026] ACPI: Using IOAPIC for interrupt routing
[    1.116402] PCI: Using host bridge windows from ACPI; if necessary, use "pci=nocrs" and report a bug
[    1.120025] PCI: Using E820 reservations for host bridge windows
[    1.124163] ACPI: Enabled 2 GPEs in block 00 to 07
[    1.138570] ACPI: PCI Root Bridge [PCI0] (domain 0000 [bus 00-ff])
[    1.144033] acpi PNP0A03:00: _OSC: OS supports [ASPM ClockPM Segments MSI EDR HPX-Type3]
[    1.148750] acpi PNP0A03:00: _OSC: not requesting OS control; OS requires [ExtendedConfig ASPM ClockPM MSI]
[    1.152034] acpi PNP0A03:00: fail to add MMCONFIG information, can't access extended PCI configuration space under this bridge.
[    1.156599] PCI host bridge to bus 0000:00
[    1.159433] pci_bus 0000:00: root bus resource [bus 00-ff]
[    1.160027] pci_bus 0000:00: root bus resource [io  0x0000-0x0cf7 window]
[    1.164032] pci_bus 0000:00: root bus resource [io  0x0d00-0xffff window]
[    1.168034] pci_bus 0000:00: root bus resource [mem 0x000a0000-0x000bffff window]
[    1.172031] pci_bus 0000:00: root bus resource [mem 0x40000000-0xfdffffff window]
[    1.176800] pci 0000:00:00.0: [8086:1237] type 00 class 0x060000
[    1.189349] pci 0000:00:01.0: [8086:7000] type 00 class 0x060100
[    1.196653] pci 0000:00:01.1: [8086:7111] type 00 class 0x01018a
[    1.204277] pci 0000:00:01.1: reg 0x20: [io  0xd000-0xd00f]
[    1.208537] pci 0000:00:01.1: legacy IDE quirk: reg 0x10: [io  0x01f0-0x01f7]
[    1.212027] pci 0000:00:01.1: legacy IDE quirk: reg 0x14: [io  0x03f6]
[    1.216031] pci 0000:00:01.1: legacy IDE quirk: reg 0x18: [io  0x0170-0x0177]
[    1.220028] pci 0000:00:01.1: legacy IDE quirk: reg 0x1c: [io  0x0376]
[    1.234975] pci 0000:00:02.0: [80ee:beef] type 00 class 0x030000
[    1.237123] pci 0000:00:02.0: reg 0x10: [mem 0xe0000000-0xe0ffffff pref]
[    1.248023] pci 0000:00:02.0: Video device with shadowed ROM at [mem 0x000c0000-0x000dffff]
[    1.256734] pci 0000:00:03.0: [8086:100e] type 00 class 0x020000
[    1.260501] pci 0000:00:03.0: reg 0x10: [mem 0xf0000000-0xf001ffff]
[    1.264486] pci 0000:00:03.0: reg 0x18: [io  0xd010-0xd017]
[    1.280065] pci 0000:00:04.0: [80ee:cafe] type 00 class 0x088000
[    1.284706] pci 0000:00:04.0: reg 0x10: [io  0xd020-0xd03f]
[    1.288528] pci 0000:00:04.0: reg 0x14: [mem 0xf0400000-0xf07fffff]
[    1.292543] pci 0000:00:04.0: reg 0x18: [mem 0xf0800000-0xf0803fff pref]
[    1.307414] pci 0000:00:05.0: [8086:2415] type 00 class 0x040100
[    1.308374] pci 0000:00:05.0: reg 0x10: [io  0xd100-0xd1ff]
[    1.312023] pci 0000:00:05.0: reg 0x14: [io  0xd200-0xd23f]
[    1.324023] pci 0000:00:07.0: [8086:7113] type 00 class 0x068000
[    1.325558] pci 0000:00:07.0: quirk: [io  0x4000-0x403f] claimed by PIIX4 ACPI
[    1.328055] pci 0000:00:07.0: quirk: [io  0x4100-0x410f] claimed by PIIX4 SMB
[    1.402271] pci 0000:00:14.0: [1000:0030] type 00 class 0x010000
[    1.404410] pci 0000:00:14.0: reg 0x10: [io  0xd300-0xd3ff]
[    1.408229] pci 0000:00:14.0: reg 0x14: [mem 0xf0820000-0xf083ffff]
[    1.412226] pci 0000:00:14.0: reg 0x18: [mem 0xf0840000-0xf085ffff]
[    1.485843] ACPI: PCI: Interrupt link LNKA configured for IRQ 11
[    1.492177] ACPI: PCI: Interrupt link LNKB configured for IRQ 10
[    1.496198] ACPI: PCI: Interrupt link LNKC configured for IRQ 9
[    1.500217] ACPI: PCI: Interrupt link LNKD configured for IRQ 11
[    1.508120] iommu: Default domain type: Translated 
[    1.512025] iommu: DMA domain TLB invalidation policy: lazy mode 
[    1.516176] SCSI subsystem initialized
[    1.520187] pci 0000:00:02.0: vgaarb: setting as boot VGA device
[    1.524023] pci 0000:00:02.0: vgaarb: VGA device added: decodes=io+mem,owns=io+mem,locks=none
[    1.524028] pci 0000:00:02.0: vgaarb: bridge control possible
[    1.528028] vgaarb: loaded
[    1.530331] ACPI: bus type USB registered
[    1.532042] usbcore: registered new interface driver usbfs
[    1.536037] usbcore: registered new interface driver hub
[    1.540035] usbcore: registered new device driver usb
[    1.544062] pps_core: LinuxPPS API ver. 1 registered
[    1.548026] pps_core: Software ver. 5.3.6 - Copyright 2005-2007 Rodolfo Giometti <giometti@linux.it>
[    1.552037] PTP clock support registered
[    1.556211] EDAC MC: Ver: 3.0.0
[    1.564363] NetLabel: Initializing
[    1.568026] NetLabel:  domain hash size = 128
[    1.571104] NetLabel:  protocols = UNLABELED CIPSOv4 CALIPSO
[    1.572045] NetLabel:  unlabeled traffic allowed by default
[    1.580084] PCI: Using ACPI for IRQ routing
[    1.584606] clocksource: Switched to clocksource kvm-clock
[    1.597813] VFS: Disk quotas dquot_6.6.0
[    1.606393] VFS: Dquot-cache hash table entries: 512 (order 0, 4096 bytes)
[    1.613309] AppArmor: AppArmor Filesystem Enabled
[    1.616887] pnp: PnP ACPI init
[    1.617137] pnp: PnP ACPI: found 3 devices
[    1.667675] clocksource: acpi_pm: mask: 0xffffff max_cycles: 0xffffff, max_idle_ns: 2085701024 ns
[    1.676722] NET: Registered PF_INET protocol family
[    1.680432] IP idents hash table entries: 16384 (order: 5, 131072 bytes, linear)
[    1.680602] tcp_listen_portaddr_hash hash table entries: 512 (order: 1, 8192 bytes, linear)
[    1.680602] Table-perturb hash table entries: 65536 (order: 6, 262144 bytes, linear)
[    1.680602] TCP established hash table entries: 8192 (order: 4, 65536 bytes, linear)
[    1.680602] TCP bind hash table entries: 8192 (order: 5, 131072 bytes, linear)
[    1.680602] TCP: Hash tables configured (established 8192 bind 8192)
[    1.680602] MPTCP token hash table entries: 1024 (order: 2, 24576 bytes, linear)
[    1.680602] UDP hash table entries: 512 (order: 2, 16384 bytes, linear)
[    1.680602] UDP-Lite hash table entries: 512 (order: 2, 16384 bytes, linear)
[    1.680602] NET: Registered PF_UNIX/PF_LOCAL protocol family
[    1.680602] NET: Registered PF_XDP protocol family
[    1.680602] pci_bus 0000:00: resource 4 [io  0x0000-0x0cf7 window]
[    1.680602] pci_bus 0000:00: resource 5 [io  0x0d00-0xffff window]
[    1.680602] pci_bus 0000:00: resource 6 [mem 0x000a0000-0x000bffff window]
[    1.680602] pci_bus 0000:00: resource 7 [mem 0x40000000-0xfdffffff window]
[    1.680602] pci 0000:00:00.0: Limiting direct PCI/PCI transfers
[    1.680602] pci 0000:00:01.0: Activating ISA DMA hang workarounds
[    1.680602] PCI: CLS 0 bytes, default 64
[    1.680602] Trying to unpack rootfs image as initramfs...
[    1.899327] platform rtc_cmos: registered platform RTC device (no PNP device found)
[    1.910622] Initialise system trusted keyrings
[    1.916701] Key type blacklist registered
[    1.921978] workingset: timestamp_bits=36 max_order=18 bucket_order=0
[    1.930660] zbud: loaded
[    1.934598] squashfs: version 4.0 (2009/01/31) Phillip Lougher
[    1.940450] fuse: init (API version 7.34)
[    1.946080] integrity: Platform Keyring initialized
[    1.958867] Key type asymmetric registered
[    1.966352] Asymmetric key parser 'x509' registered
[    1.972143] Block layer SCSI generic (bsg) driver version 0.4 loaded (major 243)
[    1.979349] io scheduler mq-deadline registered
[    1.986405] shpchp: Standard Hot Plug PCI Controller Driver version: 0.4
[    1.992975] ACPI: AC: AC Adapter [AC] (on-line)
[    1.997725] input: Power Button as /devices/LNXSYSTM:00/LNXPWRBN:00/input/input0
[    2.005006] ACPI: button: Power Button [PWRF]
[    2.010166] input: Sleep Button as /devices/LNXSYSTM:00/LNXSLPBN:00/input/input1
[    2.017802] ACPI: button: Sleep Button [SLPF]
[    2.023341] Serial: 8250/16550 driver, 32 ports, IRQ sharing enabled
[    2.024692] ACPI: battery: Slot [BAT0] (battery present)
[    2.065339] 00:02: ttyS0 at I/O 0x3f8 (irq = 4, base_baud = 115200) is a 16550A
[    2.076747] Linux agpgart interface v0.103
[    2.086939] loop: module loaded
[    2.094505] scsi host0: ata_piix
[    2.099804] scsi host1: ata_piix
[    2.105073] ata1: PATA max UDMA/33 cmd 0x1f0 ctl 0x3f6 bmdma 0xd000 irq 14
[    2.113629] ata2: PATA max UDMA/33 cmd 0x170 ctl 0x376 bmdma 0xd008 irq 15
[    2.122990] tun: Universal TUN/TAP device driver, 1.6
[    2.128879] PPP generic driver version 2.4.2
[    2.135440] VFIO - User Level meta-driver version: 0.3
[    2.141002] ehci_hcd: USB 2.0 'Enhanced' Host Controller (EHCI) Driver
[    2.148277] ehci-pci: EHCI PCI platform driver
[    2.153864] ehci-platform: EHCI generic platform driver
[    2.158516] ohci_hcd: USB 1.1 'Open' Host Controller (OHCI) Driver
[    2.166433] ohci-pci: OHCI PCI platform driver
[    2.171582] ohci-platform: OHCI generic platform driver
[    2.177584] uhci_hcd: USB Universal Host Controller Interface driver
[    2.184251] i8042: PNP: PS/2 Controller [PNP0303:PS2K,PNP0f03:PS2M] at 0x60,0x64 irq 1,12
[    2.196843] serio: i8042 KBD port at 0x60,0x64 irq 1
[    2.202181] serio: i8042 AUX port at 0x60,0x64 irq 12
[    2.207548] mousedev: PS/2 mouse device common for all mice
[    2.209608] Freeing initrd memory: 31008K
[    2.214403] input: AT Translated Set 2 keyboard as /devices/platform/i8042/serio0/input/input2
[    2.225038] rtc_cmos rtc_cmos: registered as rtc0
[    2.228808] rtc_cmos rtc_cmos: setting system clock to 2024-12-27T18:18:41 UTC (1735323521)
[    2.236276] rtc_cmos rtc_cmos: alarms up to one day, 114 bytes nvram
[    2.240106] i2c_dev: i2c /dev entries driver
[    2.240106] device-mapper: core: CONFIG_IMA_DISABLE_HTABLE is disabled. Duplicate IMA measurements will not be recorded in the IMA log.
[    2.240106] device-mapper: uevent: version 1.0.3
[    2.255995] device-mapper: ioctl: 4.45.0-ioctl (2021-03-22) initialised: dm-devel@redhat.com
[    2.264152] platform eisa.0: Probing EISA bus 0
[    2.267922] platform eisa.0: EISA: Cannot allocate resource for mainboard
[    2.273909] platform eisa.0: Cannot allocate resource for EISA slot 1
[    2.279536] platform eisa.0: Cannot allocate resource for EISA slot 2
[    2.285437] platform eisa.0: Cannot allocate resource for EISA slot 3
[    2.291407] platform eisa.0: Cannot allocate resource for EISA slot 4
[    2.297457] platform eisa.0: Cannot allocate resource for EISA slot 5
[    2.303438] platform eisa.0: Cannot allocate resource for EISA slot 6
[    2.309513] platform eisa.0: Cannot allocate resource for EISA slot 7
[    2.315455] platform eisa.0: Cannot allocate resource for EISA slot 8
[    2.322412] platform eisa.0: EISA: Detected 0 cards
[    2.327699] intel_pstate: CPU model not supported
[    2.339796] ledtrig-cpu: registered to indicate activity on CPUs
[    2.343661] drop_monitor: Initializing network drop monitor service
[    2.343661] NET: Registered PF_INET6 protocol family
[    2.377752] Segment Routing with IPv6
[    2.381083] In-situ OAM (IOAM) with IPv6
[    2.385402] NET: Registered PF_PACKET protocol family
[    2.391259] Key type dns_resolver registered
[    2.396352] IPI shorthand broadcast: enabled
[    2.400055] sched_clock: Marking stable (1798874432, 601116344)->(2524251574, -124260798)
[    2.408009] registered taskstats version 1
[    2.413668] Loading compiled-in X.509 certificates
[    2.419767] Loaded X.509 cert 'Build time autogenerated kernel key: 9c27a7369ac95392cb8689b143b3c121d5ee7e61'
[    2.430127] Loaded X.509 cert 'Canonical Ltd. Live Patch Signing: 14df34d1a87cf37625abec039ef2bf521249b969'
[    2.438821] Loaded X.509 cert 'Canonical Ltd. Kernel Module Signing: 88f752e560a1e0737e31163a466ad7b70a850c19'
[    2.446741] blacklist: Loading compiled-in revocation X.509 certificates
[    2.452022] Loaded X.509 cert 'Canonical Ltd. Secure Boot Signing: 61482aa2830d0ab2ad5af10b7250da9033ddcef0'
[    2.459020] Loaded X.509 cert 'Canonical Ltd. Secure Boot Signing (2017): 242ade75ac4a15e50d50c84b0d45ff3eae707a03'
[    2.467688] Loaded X.509 cert 'Canonical Ltd. Secure Boot Signing (ESM 2018): 365188c1d374d6b07c3c8f240f8ef722433d6a8b'
[    2.475934] Loaded X.509 cert 'Canonical Ltd. Secure Boot Signing (2019): c0746fd6c5da3ae827864651ad66ae47fe24b3e8'
[    2.483794] Loaded X.509 cert 'Canonical Ltd. Secure Boot Signing (2021 v1): a8d54bbb3825cfb94fa13c9f8a594a195c107b8d'
[    2.491727] Loaded X.509 cert 'Canonical Ltd. Secure Boot Signing (2021 v2): 4cf046892d6fd3c9a5b03f98d845f90851dc6a8c'
[    2.499593] Loaded X.509 cert 'Canonical Ltd. Secure Boot Signing (2021 v3): 100437bb6de6e469b581e61cd66bce3ef4ed53af'
[    2.506981] Loaded X.509 cert 'Canonical Ltd. Secure Boot Signing (Ubuntu Core 2019): c1d57b8f6b743f23ee41f4f7ee292f06eecadfb9'
[    2.515993] zswap: loaded using pool lzo/zbud
[    2.521323] Key type .fscrypt registered
[    2.524300] Key type fscrypt-provisioning registered
[    2.535315] Key type encrypted registered
[    2.539790] AppArmor: AppArmor sha1 policy hashing enabled
[    2.544110] ima: No TPM chip found, activating TPM-bypass!
[    2.548564] Loading compiled-in module X.509 certificates
[    2.553034] Loaded X.509 cert 'Build time autogenerated kernel key: 9c27a7369ac95392cb8689b143b3c121d5ee7e61'
[    2.559922] ima: Allocated hash algorithm: sha1
[    2.563828] ima: No architecture policies found
[    2.567609] evm: Initialising EVM extended attributes:
[    2.571999] evm: security.selinux
[    2.574788] evm: security.SMACK64
[    2.577335] evm: security.SMACK64EXEC
[    2.580527] evm: security.SMACK64TRANSMUTE
[    2.583806] evm: security.SMACK64MMAP
[    2.586594] evm: security.apparmor
[    2.589283] evm: security.ima
[    2.591673] evm: security.capability
[    2.594472] evm: HMAC attrs: 0x1
[    2.597422] PM:   Magic number: 4:249:343
[    2.600871] tty tty60: hash matches
[    2.605943] RAS: Correctable Errors collector initialized.
[    2.610429] clk: Disabling unused clocks
[    2.616147] Freeing unused decrypted memory: 2036K
[    2.620708] Freeing unused kernel image (initmem) memory: 3372K
[    2.625304] Write protecting the kernel read-only data: 30720k
[    2.630313] Freeing unused kernel image (text/rodata gap) memory: 2036K
[    2.635243] Freeing unused kernel image (rodata/data gap) memory: 1316K
[    2.648409] x86/mm: Checked W+X mappings: passed, no W+X pages found.
[    2.654633] Run /init as init process
Loading, please wait...
Starting version 249.11-0ubuntu3.12
[    2.839015] e1000: Intel(R) PRO/1000 Network Driver
[    2.844379] e1000: Copyright (c) 1999-2006 Intel Corporation.
[    2.850371] cryptd: max_cpu_qlen set to 1000
[    2.879019] SSE version of gcm_enc/dec engaged.
[    2.882697] Fusion MPT base driver 3.04.20
[    2.887891] Copyright (c) 1999-2008 LSI Corporation
[    2.912783] Fusion MPT SPI Host driver 3.04.20
[    2.938600] mptbase: ioc0: Initiating bringup
[    2.962072] vboxvideo 0000:00:02.0: vgaarb: deactivate vga console
[    2.970152] Console: switching to colour dummy device 80x25
[    2.975017] [drm] VRAM 01000000
[    2.977143] [drm] Initialized vboxvideo 1.0.0 20130823 for 0000:00:02.0 on minor 0
[    2.989374] fbcon: vboxvideodrmfb (fb0) is primary device
[    3.001602] vboxvideo 0000:00:02.0: [drm] drm_plane_enable_fb_damage_clips() not called
[    3.001618] Console: switching to colour frame buffer device 128x48
[    3.020502] vboxvideo 0000:00:02.0: [drm] fb0: vboxvideodrmfb frame buffer device
[    3.082019] ioc0: LSI53C1030 A0: Capabilities={Initiator}
[    3.116283] input: ImExPS/2 Generic Explorer Mouse as /devices/platform/i8042/serio1/input/input4
[    3.380061] scsi host2: ioc0: LSI53C1030 A0, FwRev=00000000h, Ports=1, MaxQ=256, IRQ=20
[    3.546678] e1000 0000:00:03.0 eth0: (PCI:33MHz:32-bit) 02:a7:b1:fd:e7:e2
[    3.550988] e1000 0000:00:03.0 eth0: Intel(R) PRO/1000 Network Connection
[    3.556790] e1000 0000:00:03.0 enp0s3: renamed from eth0
[    3.575090] scsi 2:0:0:0: Direct-Access     VBOX     HARDDISK         1.0  PQ: 0 ANSI: 5
[    3.589668] scsi target2:0:0: Beginning Domain Validation
[    3.600634] scsi target2:0:0: Domain Validation skipping write tests
[    3.604182] scsi target2:0:0: Ending Domain Validation
[    3.607198] scsi target2:0:0: asynchronous
[    3.611382] scsi 2:0:1:0: Direct-Access     VBOX     HARDDISK         1.0  PQ: 0 ANSI: 5
[    3.629526] scsi target2:0:1: Beginning Domain Validation
[    3.639142] scsi target2:0:1: Domain Validation skipping write tests
[    3.641820] scsi target2:0:1: Ending Domain Validation
[    3.645249] scsi target2:0:1: asynchronous
[    3.657707] scsi 2:0:0:0: Attached scsi generic sg0 type 0
[    3.661045] sd 2:0:0:0: [sda] 83886080 512-byte logical blocks: (42.9 GB/40.0 GiB)
[    3.664750] sd 2:0:0:0: [sda] Write Protect is off
[    3.665427] scsi 2:0:1:0: Attached scsi generic sg1 type 0
[    3.670978] sd 2:0:0:0: [sda] Incomplete mode parameter data
[    3.673467] sd 2:0:0:0: [sda] Assuming drive cache: write through
[    3.675196] sd 2:0:1:0: [sdb] 20480 512-byte logical blocks: (10.5 MB/10.0 MiB)
[    3.681983] sd 2:0:1:0: [sdb] Write Protect is off
[    3.686433] sd 2:0:1:0: [sdb] Incomplete mode parameter data
[    3.688996] sd 2:0:1:0: [sdb] Assuming drive cache: write through
[    3.694628]  sda: sda1
[    3.700843] sd 2:0:0:0: [sda] Attached SCSI disk
[    3.704971] sd 2:0:1:0: [sdb] Attached SCSI disk
Begin: Loading essential drivers ... [16451.118432] rcu: INFO: rcu_sched detected stalls on CPUs/tasks:
[16451.204900] raid6: sse2x4   gen() 231909430 MB/s
[16451.235834] rcu: 	1-...!: (9 ticks this GP) idle=e2d/1/0x4000000000000000 softirq=754/756 fqs=3 
[16451.235974] 	(detected by 0, t=263496 jiffies, g=-591, q=127)
[16451.237116] Sending NMI from CPU 0 to CPUs 1:
[16451.407189] raid6: sse2x4   xor()  4441 MB/s
[16451.546352] raid6: sse2x2   gen()  2284 MB/s
[16451.670491] raid6: sse2x2   xor()  2254 MB/s
[16451.884399] raid6: sse2x1   gen()  7843 MB/s
[16452.043469] raid6: sse2x1   xor()  5416 MB/s
[16452.069844] raid6: using algorithm sse2x4 gen() 231909430 MB/s
[16452.117845] raid6: .... xor() 4441 MB/s, rmw enabled
[16452.237603] raid6: using ssse3x2 recovery algorithm
[16810.231966] rcu: rcu_sched kthread timer wakeup didn't happen for 4112063 jiffies! g-591 f0x0 RCU_GP_WAIT_FQS(5) ->state=0x402
[16810.232409] watchdog: BUG: soft lockup - CPU#1 stuck for 333s! [ksoftirqd/1:22]
[16810.240618] rcu: 	Possible timer handling issue on cpu=0 timer-softirq=167
[16810.245558] Modules linked in:
[16810.249818] rcu: rcu_sched kthread starved for 4201559 jiffies! g-591 f0x2 RCU_GP_WAIT_FQS(5) ->state=0x402 ->cpu=0
[16810.249959]  raid6_pq
[16810.251999] rcu: 	Unless rcu_sched kthread gets sufficient CPU time, OOM is now expected behavior.
[16810.260181]  libcrc32c
[16810.261717] rcu: RCU grace-period kthread stack dump:
[16810.261894] task:rcu_sched       state:I
[16810.267742]  raid1
[16810.269580]  stack:    0 pid:   14 ppid:     2 flags:0x00004000
[16810.273054]  raid0
[16810.276258] Call Trace:
[16810.277241]  multipath
[16810.282028]  <TASK>
[16810.282657]  linear
[16810.285786]  __schedule+0x24e/0x590
[16810.286579]  crct10dif_pclmul
[16810.287857]  ? _raw_spin_unlock_irqrestore+0xe/0x30
[16810.289400]  crc32_pclmul
[16810.291564]  schedule+0x69/0x110
[16810.294228]  ghash_clmulni_intel
[16810.297365]  schedule_timeout+0x87/0x140
[16810.300282]  sha256_ssse3
[16810.303412]  ? __bpf_trace_tick_stop+0x20/0x20
[16810.306045]  sha1_ssse3
[16810.309345]  rcu_gp_fqs_loop+0xe5/0x3b0
[16810.311802]  vboxvideo
[16810.316600]  rcu_gp_kthread+0xa7/0x130
[16810.318644]  drm_vram_helper
[16810.321245]  ? rcu_gp_init+0x600/0x600
[16810.323224]  drm_ttm_helper
[16810.325896]  kthread+0x127/0x150
[16810.328123]  ttm
[16810.330734]  ? set_kthread_struct+0x50/0x50
[16810.333388]  drm_kms_helper
[16810.336084]  ret_from_fork+0x1f/0x30
[16810.337610]  mptspi
[16810.340696]  </TASK>
[16810.342991]  scsi_transport_spi
[16810.345433] rcu: Stack dump where RCU GP kthread last ran:
[16810.347334]  mptscsih
[16810.348808] NMI backtrace for cpu 0
[16810.351188]  syscopyarea
[16810.354521] CPU: 0 PID: 0 Comm: swapper/0 Not tainted 5.15.0-127-generic #137-Ubuntu
[16810.356309]  sysfillrect
[16810.358360] Hardware name: innotek GmbH VirtualBox/VirtualBox, BIOS VirtualBox 12/01/2006
[16810.360595]  aesni_intel
[16810.365815] Call Trace:
[16810.367761]  sysimgblt
[16810.372879]  <IRQ>
[16810.375061]  fb_sys_fops
[16810.376729]  show_stack+0x52/0x5c
[16810.378875]  cec
[16810.380283]  dump_stack_lvl+0x4a/0x63
[16810.380293]  dump_stack+0x10/0x16
[16810.380295]  nmi_cpu_backtrace.cold+0x4d/0x93
[16810.380297]  ? lapic_can_unplug_cpu+0x90/0x90
[16810.380302]  nmi_trigger_cpumask_backtrace+0xe9/0xf0
[16810.380307]  arch_trigger_cpumask_backtrace+0x19/0x20
[16810.380309]  trigger_single_cpu_backtrace+0x44/0x4f
[16810.380314]  rcu_check_gp_kthread_starvation+0x12a/0x150
[16810.380317]  print_other_cpu_stall.cold+0x132/0x198
[16810.380320]  check_cpu_stall+0x13c/0x270
[16810.380325]  rcu_sched_clock_irq+0x9a/0x250
[16810.380327]  update_process_times+0x94/0xd0
[16810.380330]  tick_sched_handle+0x29/0x70
[16810.380333]  tick_sched_timer+0x6f/0x90
[16810.380335]  ? tick_sched_do_timer+0xa0/0xa0
[16810.380337]  __hrtimer_run_queues+0x104/0x230
[16810.380339]  ? kvm_clock_get_cycles+0x11/0x20
[16810.382587]  crypto_simd
[16810.384794]  hrtimer_interrupt+0x101/0x220
[16810.386252]  rc_core
[16810.388560]  __sysvec_apic_timer_interrupt+0x5e/0xe0
[16810.390786]  cryptd
[16810.394446]  sysvec_apic_timer_interrupt+0x7b/0x90
[16810.398143]  psmouse
[16810.401698]  </IRQ>
[16810.401703]  <TASK>
[16810.401704]  asm_sysvec_apic_timer_interrupt+0x1b/0x20
[16810.401714] RIP: 0010:native_safe_halt+0xb/0x10
[16810.402150] Code: 2a ff 5b 41 5c 41 5d 5d c3 cc cc cc cc 4c 89 ee 48 c7 c7 60 4a 05 9e e8 c3 2a 8c ff eb ca cc eb 07 0f 00 2d 19 e5 42 00 fb f4 <c3> cc cc cc cc eb 07 0f 00 2d 09 e5 42 00 f4 c3 cc cc cc cc cc 0f
[16810.405507]  mptbase
[16810.409705] RSP: 0018:ffffffff9e003e08 EFLAGS: 00010202
[16810.409718] RAX: ffffffff9cfddd20 RBX: ffffffff9e01b440 RCX: 0000000000000000
[16810.413354]  e1000
[16810.418563] RDX: 00000000000018a3 RSI: ffffffff9e003dd0 RDI: 00000000000018a4
[16810.421523]  drm
[16810.424379] RBP: ffffffff9e003e10 R08: 0000000000000001 R09: 0000000000000000
[16810.429237] 
[16810.431650] R10: 0000000000000000 R11: 0000000000000000 R12: 0000000000000000
[16810.431655] R13: 0000000000000000 R14: 0000000000000000 R15: 0000000000000000
[16810.431659]  ? __sched_text_end+0xa/0xa
[16810.434921] CPU: 1 PID: 22 Comm: ksoftirqd/1 Not tainted 5.15.0-127-generic #137-Ubuntu
[16810.437897]  ? default_idle+0xe/0x20
[16810.437910]  arch_cpu_idle+0x12/0x20
[16810.437915]  default_idle_call+0x3e/0xd0
[16810.437920]  cpuidle_idle_call+0x179/0x1e0
[16810.437924]  do_idle+0x83/0xf0
[16810.442018] Hardware name: innotek GmbH VirtualBox/VirtualBox, BIOS VirtualBox 12/01/2006
[16810.445128]  cpu_startup_entry+0x20/0x30
[16810.447037] RIP: 0010:_raw_spin_unlock_irqrestore+0x25/0x30
[16810.450571]  rest_init+0xd3/0x100
[16810.452435] Code: eb 8d cc cc cc 0f 1f 44 00 00 55 48 89 e5 e8 aa 3f 36 ff 66 90 f7 c6 00 02 00 00 75 06 5d c3 cc cc cc cc fb 66 0f 1f 44 00 00 <5d> c3 cc cc cc cc 0f 1f 44 00 00 0f 1f 44 00 00 55 48 89 e5 8b 07
[16810.456304]  ? acpi_enable_subsystem+0x21d/0x229
[16810.457952] RSP: 0000:ffffabfc800c3dd8 EFLAGS: 00010206
[16810.460707]  arch_call_rest_init+0xe/0x23
[16810.462435] 
[16810.464258]  start_kernel+0x4a9/0x4ca
[16810.466165] RAX: 0000000000000001 RBX: 0000000000000000 RCX: 0000000000000000
[16810.469408]  x86_64_start_reservations+0x24/0x2a
[16810.472461] RDX: fffffffffffffdb1 RSI: 0000000000000246 RDI: ffffffff9e180a00
[16810.486646]  x86_64_start_kernel+0xfb/0x106
[16810.488677] RBP: ffffabfc800c3dd8 R08: 0000000000000000 R09: 0000000000000022
[16810.494401]  secondary_startup_64_no_verify+0xc2/0xcb
[16810.499571] R10: 0000000000000002 R11: fffffffffffffffe R12: ffffffff9e180a00
[16810.500903]  </TASK>
[16810.505013] R13: fffffffffffffdb1 R14: ffffffff9e180a00 R15: ffffffff9e180a00
[16810.625452] FS:  0000000000000000(0000) GS:ffff8b2c3ed00000(0000) knlGS:0000000000000000
[16810.630058] CS:  0010 DS: 0000 ES: 0000 CR0: 0000000080050033
[16810.634065] CR2: 00007f82e6c56b30 CR3: 00000000026fa001 CR4: 00000000000306e0
[16810.639943] Call Trace:
[16810.641828]  <IRQ>
[16810.643562]  ? show_trace_log_lvl+0x1d6/0x2ea
[16810.646572]  ? show_trace_log_lvl+0x1d6/0x2ea
[16810.649647]  ? rcu_report_qs_rnp+0x106/0x120
[16810.652503]  ? show_regs.part.0+0x23/0x29
[16810.655062]  ? show_regs.cold+0x8/0xd
[16810.657306]  ? watchdog_timer_fn+0x1be/0x220
[16810.660133]  ? lockup_detector_update_enable+0x60/0x60
[16810.663478]  ? __hrtimer_run_queues+0x104/0x230
[16810.666290]  ? kvm_clock_get_cycles+0x11/0x20
[16810.668930]  ? hrtimer_interrupt+0x101/0x220
[16810.679534]  ? __sysvec_apic_timer_interrupt+0x5e/0xe0
[16810.684058]  ? sysvec_apic_timer_interrupt+0x7b/0x90
[16810.688605]  </IRQ>
[16810.690739]  <TASK>
[16810.692717]  ? asm_sysvec_apic_timer_interrupt+0x1b/0x20
[16810.695853]  ? _raw_spin_unlock_irqrestore+0x25/0x30
[16810.698709]  ? _raw_spin_unlock_irqrestore+0xe/0x30
[16810.702471]  rcu_report_qs_rnp+0x106/0x120
[16810.705260]  rcu_core+0x22b/0x2a0
[16810.707671]  rcu_core_si+0xe/0x20
[16810.710119]  handle_softirqs+0xda/0x2d0
[16810.712911]  run_ksoftirqd+0x34/0x50
[16810.715937]  smpboot_thread_fn+0xb7/0x160
[16810.719289]  ? smpboot_register_percpu_thread+0x140/0x140
[16810.723038]  kthread+0x127/0x150
[16810.726623]  ? set_kthread_struct+0x50/0x50
[16810.730194]  ret_from_fork+0x1f/0x30
[16810.733154]  </TASK>
[16810.789094] xor: measuring software checksum speed
[16810.792871]    prefetch64-sse  : 24943 MB/sec
[16810.796500]    generic_sse     : 20938 MB/sec
[16810.799802] xor: using function: prefetch64-sse (24943 MB/sec)
[16810.817946] async_tx: api initialized (async)
done.
Begin: Running /scripts/init-premount ... done.
Begin: Mounting root file system ... Begin: Running /scripts/local-top ... done.
Begin: Running /scripts/local-premount ... [16811.637595] Btrfs loaded, crc32c=crc32c-intel, zoned=yes, fsverity=yes
Scanning for Btrfs filesystems
done.
Warning: fsck not present, so skipping root file system
[16812.724927] EXT4-fs (sda1): INFO: recovery required on readonly filesystem
[16812.730605] EXT4-fs (sda1): write access will be enabled during recovery
[16813.774250] EXT4-fs (sda1): recovery complete
[16813.780128] EXT4-fs (sda1): mounted filesystem with ordered data mode. Opts: (null). Quota mode: none.
done.
Begin: Running /scripts/local-bottom ... done.
Begin: Running /scripts/init-bottom ... done.
[16814.544266] systemd[1]: Inserted module 'autofs4'
[16814.624411] systemd[1]: systemd 249.11-0ubuntu3.12 running in system mode (+PAM +AUDIT +SELINUX +APPARMOR +IMA +SMACK +SECCOMP +GCRYPT +GNUTLS +OPENSSL +ACL +BLKID +CURL +ELFUTILS +FIDO2 +IDN2 -IDN +IPTC +KMOD +LIBCRYPTSETUP +LIBFDISK +PCRE2 -PWQUALITY -P11KIT -QRENCODE +BZIP2 +LZ4 +XZ +ZLIB +ZSTD -XKBCOMMON +UTMP +SYSVINIT default-hierarchy=unified)
[16814.648716] systemd[1]: Detected virtualization oracle.
[16814.654357] systemd[1]: Detected architecture x86-64.

Welcome to [1mUbuntu 22.04.5 LTS[0m!

[16814.667294] systemd[1]: Hostname set to <ubuntu-jammy>.
[16815.176706] systemd[1]: Configuration file /run/systemd/system/netplan-ovs-cleanup.service is marked world-inaccessible. This has no effect as configuration data is accessible via APIs without restrictions. Proceeding anyway.
[16815.233701] systemd[1]: /lib/systemd/system/snapd.service:23: Unknown key name 'RestartMode' in section 'Service', ignoring.
[16815.441791] systemd[1]: Queued start job for default target Graphical Interface.
[16815.461451] systemd[1]: Created slice Slice /system/modprobe.
[[0;32m  OK  [0m] Created slice [0;1;39mSlice /system/modprobe[0m.
[16815.473193] systemd[1]: Created slice Slice /system/serial-getty.
[[0;32m  OK  [0m] Created slice [0;1;39mSlice /system/serial-getty[0m.
[16815.494386] systemd[1]: Created slice User and Session Slice.
[[0;32m  OK  [0m] Created slice [0;1;39mUser and Session Slice[0m.
[16815.506465] systemd[1]: Started Forward Password Requests to Wall Directory Watch.
[[0;32m  OK  [0m] Started [0;1;39mForward Password R…uests to Wall Directory Watch[0m.
[16815.515586] systemd[1]: Set up automount Arbitrary Executable File Formats File System Automount Point.
[[0;32m  OK  [0m] Set up automount [0;1;39mArbitrary…s File System Automount Point[0m.
[16815.527392] systemd[1]: Reached target Slice Units.
[[0;32m  OK  [0m] Reached target [0;1;39mSlice Units[0m.
[16815.535180] systemd[1]: Reached target Mounting snaps.
[[0;32m  OK  [0m] Reached target [0;1;39mMounting snaps[0m.
[16815.543530] systemd[1]: Reached target Swaps.
[[0;32m  OK  [0m] Reached target [0;1;39mSwaps[0m.
[16815.550481] systemd[1]: Reached target Local Verity Protected Volumes.
[[0;32m  OK  [0m] Reached target [0;1;39mLocal Verity Protected Volumes[0m.
[16815.564760] systemd[1]: Listening on Device-mapper event daemon FIFOs.
[[0;32m  OK  [0m] Listening on [0;1;39mDevice-mapper event daemon FIFOs[0m.
[16815.578952] systemd[1]: Listening on LVM2 poll daemon socket.
[[0;32m  OK  [0m] Listening on [0;1;39mLVM2 poll daemon socket[0m.
[16815.590064] systemd[1]: Listening on multipathd control socket.
[[0;32m  OK  [0m] Listening on [0;1;39mmultipathd control socket[0m.
[16815.602505] systemd[1]: Listening on Syslog Socket.
[[0;32m  OK  [0m] Listening on [0;1;39mSyslog Socket[0m.
[16815.610722] systemd[1]: Listening on fsck to fsckd communication Socket.
[[0;32m  OK  [0m] Listening on [0;1;39mfsck to fsckd communication Socket[0m.
[16815.621684] systemd[1]: Listening on initctl Compatibility Named Pipe.
[[0;32m  OK  [0m] Listening on [0;1;39minitctl Compatibility Named Pipe[0m.
[16815.634708] systemd[1]: Listening on Journal Audit Socket.
[[0;32m  OK  [0m] Listening on [0;1;39mJournal Audit Socket[0m.
[16815.644825] systemd[1]: Listening on Journal Socket (/dev/log).
[[0;32m  OK  [0m] Listening on [0;1;39mJournal Socket (/dev/log)[0m.
[16815.654845] systemd[1]: Listening on Journal Socket.
[[0;32m  OK  [0m] Listening on [0;1;39mJournal Socket[0m.
[16815.663815] systemd[1]: Listening on Network Service Netlink Socket.
[[0;32m  OK  [0m] Listening on [0;1;39mNetwork Service Netlink Socket[0m.
[16815.674093] systemd[1]: Listening on udev Control Socket.
[[0;32m  OK  [0m] Listening on [0;1;39mudev Control Socket[0m.
[16815.684473] systemd[1]: Listening on udev Kernel Socket.
[[0;32m  OK  [0m] Listening on [0;1;39mudev Kernel Socket[0m.
[16815.697629] systemd[1]: Mounting Huge Pages File System...
         Mounting [0;1;39mHuge Pages File System[0m...
[16815.706892] systemd[1]: Mounting POSIX Message Queue File System...
         Mounting [0;1;39mPOSIX Message Queue File System[0m...
[16815.723535] systemd[1]: Mounting Kernel Debug File System...
         Mounting [0;1;39mKernel Debug File System[0m...
[16815.743162] systemd[1]: Mounting Kernel Trace File System...
         Mounting [0;1;39mKernel Trace File System[0m...
[16815.768275] systemd[1]: Starting Journal Service...
         Starting [0;1;39mJournal Service[0m...
[16815.791319] systemd[1]: Starting Set the console keyboard layout...
         Starting [0;1;39mSet the console keyboard layout[0m...
[16815.809660] systemd[1]: Starting Create List of Static Device Nodes...
         Starting [0;1;39mCreate List of Static Device Nodes[0m...
[16815.830009] systemd[1]: Starting Monitoring of LVM2 mirrors, snapshots etc. using dmeventd or progress polling...
         Starting [0;1;39mMonitoring of LVM…meventd or progress polling[0m...
[16815.850572] systemd[1]: Condition check resulted in LXD - agent being skipped.
[16815.878385] systemd[1]: Starting Load Kernel Module configfs...
         Starting [0;1;39mLoad Kernel Module configfs[0m...
[16815.896838] systemd[1]: Starting Load Kernel Module drm...
         Starting [0;1;39mLoad Kernel Module drm[0m...
[16815.920144] systemd[1]: Starting Load Kernel Module efi_pstore...
         Starting [0;1;39mLoad Kernel Module efi_pstore[0m...
[16815.960960] systemd[1]: Starting Load Kernel Module fuse...
         Starting [0;1;39mLoad Kernel Module fuse[0m...
[16815.980964] systemd[1]: Condition check resulted in OpenVSwitch configuration for cleanup being skipped.
[16815.999163] systemd[1]: Starting File System Check on Root Device...
         Starting [0;1;39mFile System Check on Root Device[0m...
[16816.030132] systemd[1]: Starting Load Kernel Modules...
         Starting [0;1;39mLoad Kernel Modules[0m...
[16816.042575] systemd[1]: Starting Coldplug All udev Devices...
         Starting [0;1;39mColdplug All udev Devices[0m...
[16816.072269] systemd[1]: Started Journal Service.
[[0;32m  OK  [0m] Started [0;1;39mJournal Service[0m.
[[0;32m  OK  [0m] Mounted [0;1;39mHuge Pages File System[0m.
[[0;32m  OK  [0m] Mounted [0;1;39mPOSIX Message Queue File System[0m.
[[0;32m  OK  [0m] Mounted [0;1;39mKernel Debug File System[0m.
[[0;32m  OK  [0m] Mounted [0;1;39mKernel Trace File System[0m.
[[0;32m  OK  [0m] Finished [0;1;39mCreate List of Static Device Nodes[0m.
[[0;32m  OK  [0m] Finished [0;1;39mLoad Kernel Module configfs[0m.
[[0;32m  OK  [0m] Finished [0;1;39mLoad Kernel Module drm[0m.
[[0;32m  OK  [0m] Finished [0;1;39mLoad Kernel Module efi_pstore[0m.
[[0;32m  OK  [0m] Finished [0;1;39mLoad Kernel Modules[0m.
         Mounting [0;1;39mKernel Configuration File System[0m...
         Starting [0;1;39mApply Kernel Variables[0m...
[[0;32m  OK  [0m] Finished [0;1;39mMonitoring of LVM… dmeventd or progress polling[0m.
[[0;32m  OK  [0m] Started [0;1;39mFile System Check Daemon to report status[0m.
[[0;32m  OK  [0m] Mounted [0;1;39mKernel Configuration File System[0m.
[[0;32m  OK  [0m] Finished [0;1;39mLoad Kernel Module fuse[0m.
         Mounting [0;1;39mFUSE Control File System[0m...
[[0;32m  OK  [0m] Mounted [0;1;39mFUSE Control File System[0m.
[[0;32m  OK  [0m] Finished [0;1;39mApply Kernel Variables[0m.
[[0;32m  OK  [0m] Finished [0;1;39mFile System Check on Root Device[0m.
[[0;32m  OK  [0m] Finished [0;1;39mSet the console keyboard layout[0m.
         Starting [0;1;39mRemount Root and Kernel File Systems[0m...
[[0;32m  OK  [0m] Finished [0;1;39mRemount Root and Kernel File Systems[0m.
         Starting [0;1;39mDevice-Mapper Multipath Device Controller[0m...
         Starting [0;1;39mFlush Journal to Persistent Storage[0m...
         Starting [0;1;39mLoad/Save Random Seed[0m...
         Starting [0;1;39mCreate System Users[0m...
[[0;32m  OK  [0m] Finished [0;1;39mLoad/Save Random Seed[0m.
[[0;32m  OK  [0m] Finished [0;1;39mColdplug All udev Devices[0m.
[[0;32m  OK  [0m] Finished [0;1;39mCreate System Users[0m.
         Starting [0;1;39mCreate Static Device Nodes in /dev[0m...
[[0;32m  OK  [0m] Finished [0;1;39mFlush Journal to Persistent Storage[0m.
[[0;32m  OK  [0m] Finished [0;1;39mCreate Static Device Nodes in /dev[0m.
         Starting [0;1;39mRule-based Manage…for Device Events and Files[0m...
[[0;32m  OK  [0m] Started [0;1;39mRule-based Manager for Device Events and Files[0m.
[[0;32m  OK  [0m] Started [0;1;39mDispatch Password …ts to Console Directory Watch[0m.
[[0;32m  OK  [0m] Reached target [0;1;39mLocal Encrypted Volumes[0m.
[[0;32m  OK  [0m] Started [0;1;39mDevice-Mapper Multipath Device Controller[0m.
[[0;32m  OK  [0m] Reached target [0;1;39mPreparation for Local File Systems[0m.
         Mounting [0;1;39mMount unit for core20, revision 2434[0m...
         Mounting [0;1;39mMount unit for lxd, revision 31333[0m...
         Mounting [0;1;39mMount unit for snapd, revision 23258[0m...
[[0;32m  OK  [0m] Mounted [0;1;39mMount unit for core20, revision 2434[0m.
[[0;32m  OK  [0m] Mounted [0;1;39mMount unit for snapd, revision 23258[0m.
[[0;32m  OK  [0m] Mounted [0;1;39mMount unit for lxd, revision 31333[0m.
[[0;32m  OK  [0m] Reached target [0;1;39mMounted snaps[0m.
[[0;32m  OK  [0m] Reached target [0;1;39mLocal File Systems[0m.
         Starting [0;1;39mLoad AppArmor profiles[0m...
         Starting [0;1;39mSet console font and keymap[0m...
         Starting [0;1;39mCreate final runt…dir for shutdown pivot root[0m...
         Starting [0;1;39mTell Plymouth To Write Out Runtime Data[0m...
         Starting [0;1;39mSet Up Additional Binary Formats[0m...
         Starting [0;1;39mCreate Volatile Files and Directories[0m...
         Starting [0;1;39mUncomplicated firewall[0m...
[[0;32m  OK  [0m] Finished [0;1;39mCreate final runt…e dir for shutdown pivot root[0m.
         Mounting [0;1;39mArbitrary Executable File Formats File System[0m...
[[0;32m  OK  [0m] Finished [0;1;39mUncomplicated firewall[0m.
[[0;32m  OK  [0m] Finished [0;1;39mSet console font and keymap[0m.
[[0;32m  OK  [0m] Finished [0;1;39mTell Plymouth To Write Out Runtime Data[0m.
[[0;32m  OK  [0m] Mounted [0;1;39mArbitrary Executable File Formats File System[0m.
[[0;32m  OK  [0m] Finished [0;1;39mSet Up Additional Binary Formats[0m.
[[0;32m  OK  [0m] Finished [0;1;39mCreate Volatile Files and Directories[0m.
         Starting [0;1;39mNetwork Time Synchronization[0m...
         Starting [0;1;39mRecord System Boot/Shutdown in UTMP[0m...
[[0;32m  OK  [0m] Finished [0;1;39mRecord System Boot/Shutdown in UTMP[0m.
[[0;32m  OK  [0m] Finished [0;1;39mLoad AppArmor profiles[0m.
         Starting [0;1;39mLoad AppArmor pro…managed internally by snapd[0m...
         Starting [0;1;39mCloud-init: Local Stage (pre-network)[0m...
[[0;32m  OK  [0m] Started [0;1;39mNetwork Time Synchronization[0m.
[[0;32m  OK  [0m] Reached target [0;1;39mSystem Time Set[0m.
[[0;32m  OK  [0m] Finished [0;1;39mLoad AppArmor pro…s managed internally by snapd[0m.
[[0;32m  OK  [0m] Found device [0;1;39m/dev/ttyS0[0m.
[[0;32m  OK  [0m] Listening on [0;1;39mLoad/Save RF …itch Status /dev/rfkill Watch[0m.
[16819.411840] cloud-init[553]: Cloud-init v. 24.3.1-0ubuntu0~22.04.1 running 'init-local' at Fri, 27 Dec 2024 22:58:59 +0000. Up 16819.34 seconds.
[[0;32m  OK  [0m] Finished [0;1;39mCloud-init: Local Stage (pre-network)[0m.
[[0;32m  OK  [0m] Reached target [0;1;39mPreparation for Network[0m.
         Starting [0;1;39mNetwork Configuration[0m...
[[0;32m  OK  [0m] Started [0;1;39mNetwork Configuration[0m.
         Starting [0;1;39mWait for Network to be Configured[0m...
         Starting [0;1;39mNetwork Name Resolution[0m...
[[0;32m  OK  [0m] Started [0;1;39mNetwork Name Resolution[0m.
[[0;32m  OK  [0m] Reached target [0;1;39mNetwork[0m.
[[0;32m  OK  [0m] Reached target [0;1;39mHost and Network Name Lookups[0m.
[[0;32m  OK  [0m] Finished [0;1;39mWait for Network to be Configured[0m.
         Starting [0;1;39mCloud-init: Network Stage[0m...
[16822.991334] cloud-init[573]: Cloud-init v. 24.3.1-0ubuntu0~22.04.1 running 'init' at Fri, 27 Dec 2024 22:59:02 +0000. Up 16822.94 seconds.
[16823.042441] cloud-init[573]: ci-info: ++++++++++++++++++++++++++++++++++++++Net device info++++++++++++++++++++++++++++++++++++++
[16823.052026] cloud-init[573]: ci-info: +--------+------+----------------------------+---------------+--------+-------------------+
[16823.058262] cloud-init[573]: ci-info: | Device |  Up  |          Address           |      Mask     | Scope  |     Hw-Address    |
[16823.066598] cloud-init[573]: ci-info: +--------+------+----------------------------+---------------+--------+-------------------+
[16823.074573] cloud-init[573]: ci-info: | enp0s3 | True |         10.0.2.15          | 255.255.255.0 | global | 02:a7:b1:fd:e7:e2 |
[16823.085471] cloud-init[573]: ci-info: | enp0s3 | True | fd00::a7:b1ff:fefd:e7e2/64 |       .       | global | 02:a7:b1:fd:e7:e2 |
[16823.092970] cloud-init[573]: ci-info: | enp0s3 | True | fe80::a7:b1ff:fefd:e7e2/64 |       .       |  link  | 02:a7:b1:fd:e7:e2 |
[16823.102813] cloud-init[573]: ci-info: |   lo   | True |         127.0.0.1          |   255.0.0.0   |  host  |         .         |
[16823.110387] cloud-init[573]: ci-info: |   lo   | True |          ::1/128           |       .       |  host  |         .         |
[16823.118140] cloud-init[573]: ci-info: +--------+------+----------------------------+---------------+--------+-------------------+
[16823.128723] cloud-init[573]: ci-info: ++++++++++++++++++++++++++++Route IPv4 info+++++++++++++++++++++++++++++
[16823.135276] cloud-init[573]: ci-info: +-------+-------------+----------+-----------------+-----------+-------+
[16823.140644] cloud-init[573]: ci-info: | Route | Destination | Gateway  |     Genmask     | Interface | Flags |
[16823.146266] cloud-init[573]: ci-info: +-------+-------------+----------+-----------------+-----------+-------+
[16823.151956] cloud-init[573]: ci-info: |   0   |   0.0.0.0   | 10.0.2.2 |     0.0.0.0     |   enp0s3  |   UG  |
[16823.159038] cloud-init[573]: ci-info: |   1   |   10.0.2.0  | 0.0.0.0  |  255.255.255.0  |   enp0s3  |   U   |
[16823.165334] cloud-init[573]: ci-info: |   2   |   10.0.2.2  | 0.0.0.0  | 255.255.255.255 |   enp0s3  |   UH  |
[16823.170459] cloud-init[573]: ci-info: |   3   |   10.0.2.3  | 0.0.0.0  | 255.255.255.255 |   enp0s3  |   UH  |
[16823.177563] cloud-init[573]: ci-info: +-------+-------------+----------+-----------------+-----------+-------+
[16823.184449] cloud-init[573]: ci-info: +++++++++++++++++++Route IPv6 info+++++++++++++++++++
[16823.191305] cloud-init[573]: ci-info: +-------+-------------+---------+-----------+-------+
[16823.201503] cloud-init[573]: ci-info: | Route | Destination | Gateway | Interface | Flags |
[16823.210725] cloud-init[573]: ci-info: +-------+-------------+---------+-----------+-------+
[16823.225841] cloud-init[573]: ci-info: |   1   |  fd00::/64  |    ::   |   enp0s3  |   Ue  |
[16823.235679] cloud-init[573]: ci-info: |   2   |  fe80::/64  |    ::   |   enp0s3  |   U   |
[16823.243396] cloud-init[573]: ci-info: |   3   |     ::/0    | fe80::2 |   enp0s3  |  UGe  |
[16823.247368] cloud-init[573]: ci-info: |   5   |    local    |    ::   |   enp0s3  |   U   |
[16823.253250] cloud-init[573]: ci-info: |   6   |  multicast  |    ::   |   enp0s3  |   U   |
[16823.261568] cloud-init[573]: ci-info: +-------+-------------+---------+-----------+-------+
[[0;32m  OK  [0m] Finished [0;1;39mCloud-init: Network Stage[0m.
[[0;32m  OK  [0m] Reached target [0;1;39mCloud-config availability[0m.
[[0;32m  OK  [0m] Reached target [0;1;39mNetwork is Online[0m.
[[0;32m  OK  [0m] Reached target [0;1;39mSystem Initialization[0m.
[[0;32m  OK  [0m] Started [0;1;39mDaily apt upgrade and clean activities[0m.
[[0;32m  OK  [0m] Started [0;1;39mDaily dpkg database backup timer[0m.
[[0;32m  OK  [0m] Started [0;1;39mPeriodic ext4 Onli…ata Check for All Filesystems[0m.
[[0;32m  OK  [0m] Started [0;1;39mDiscard unused blocks once a week[0m.
[[0;32m  OK  [0m] Started [0;1;39mDaily rotation of log files[0m.
[[0;32m  OK  [0m] Started [0;1;39mDaily man-db regeneration[0m.
[[0;32m  OK  [0m] Started [0;1;39mMessage of the Day[0m.
[[0;32m  OK  [0m] Started [0;1;39mDaily Cleanup of Temporary Directories[0m.
[[0;32m  OK  [0m] Started [0;1;39mDownload data for …ailed at package install time[0m.
[[0;32m  OK  [0m] Started [0;1;39mCheck to see wheth…w version of Ubuntu available[0m.
[[0;32m  OK  [0m] Reached target [0;1;39mPath Units[0m.
[[0;32m  OK  [0m] Reached target [0;1;39mTimer Units[0m.
[[0;32m  OK  [0m] Listening on [0;1;39mcloud-init hotplug hook socket[0m.
[[0;32m  OK  [0m] Listening on [0;1;39mD-Bus System Message Bus Socket[0m.
[[0;32m  OK  [0m] Listening on [0;1;39mOpen-iSCSI iscsid Socket[0m.
[[0;32m  OK  [0m] Listening on [0;1;39mSocket unix for snap application lxd.daemon[0m.
[[0;32m  OK  [0m] Listening on [0;1;39mSocket unix f…p application lxd.user-daemon[0m.
         Starting [0;1;39mSocket activation for snappy daemon[0m...
[[0;32m  OK  [0m] Listening on [0;1;39mUUID daemon activation socket[0m.
[[0;32m  OK  [0m] Reached target [0;1;39mPreparation for Remote File Systems[0m.
         Mounting [0;1;39m/vagrant[0m...
[[0;32m  OK  [0m] Finished [0;1;39mAvailability of block devices[0m.
[[0;32m  OK  [0m] Listening on [0;1;39mSocket activation for snappy daemon[0m.
[[0;32m  OK  [0m] Reached target [0;1;39mSocket Units[0m.
[[0;32m  OK  [0m] Reached target [0;1;39mBasic System[0m.
[[0;32m  OK  [0m] Started [0;1;39mD-Bus System Message Bus[0m.
[[0;32m  OK  [0m] Started [0;1;39mSave initial kernel messages after boot[0m.
         Starting [0;1;39mRemove Stale Onli…t4 Metadata Check Snapshots[0m...
         Starting [0;1;39mRecord successful boot for GRUB[0m...
[[0;32m  OK  [0m] Started [0;1;39mirqbalance daemon[0m.
         Starting [0;1;39mDispatcher daemon for systemd-networkd[0m...
         Starting [0;1;39mSystem Logging Service[0m...
         Starting [0;1;39mService for snap application lxd.activate[0m...
[[0;32m  OK  [0m] Reached target [0;1;39mPreparation for Logins[0m.
         Starting [0;1;39mWait until snapd is fully seeded[0m...
         Starting [0;1;39mSnap Daemon[0m...
         Starting [0;1;39mOpenBSD Secure Shell server[0m...
         Starting [0;1;39mUser Login Management[0m...
         Starting [0;1;39mCleanup of Temporary Directories[0m...
[[0;32m  OK  [0m] Mounted [0;1;39m/vagrant[0m.
[[0;32m  OK  [0m] Finished [0;1;39mRemove Stale Onli…ext4 Metadata Check Snapshots[0m.
[[0;32m  OK  [0m] Reached target [0;1;39mRemote File Systems[0m.
         Starting [0;1;39mLSB: automatic crash report generation[0m...
[[0;32m  OK  [0m] Started [0;1;39mRegular background program processing daemon[0m.
         Starting [0;1;39mPermit User Sessions[0m...
         Starting [0;1;39mHostname Service[0m...
[[0;32m  OK  [0m] Started [0;1;39mSystem Logging Service[0m.
[[0;32m  OK  [0m] Finished [0;1;39mCleanup of Temporary Directories[0m.
[[0;32m  OK  [0m] Finished [0;1;39mPermit User Sessions[0m.
         Starting [0;1;39mHold until boot process finishes up[0m...
         Starting [0;1;39mTerminate Plymouth Boot Screen[0m...
[[0;32m  OK  [0m] Finished [0;1;39mHold until boot process finishes up[0m.
[[0;32m  OK  [0m] Started [0;1;39mSerial Getty on ttyS0[0m.
         Starting [0;1;39mSet console scheme[0m...
[[0;32m  OK  [0m] Finished [0;1;39mTerminate Plymouth Boot Screen[0m.
[[0;32m  OK  [0m] Finished [0;1;39mSet console scheme[0m.
[[0;32m  OK  [0m] Created slice [0;1;39mSlice /system/getty[0m.
[[0;32m  OK  [0m] Started [0;1;39mGetty on tty1[0m.
[[0;32m  OK  [0m] Reached target [0;1;39mLogin Prompts[0m.
[[0;32m  OK  [0m] Finished [0;1;39mRecord successful boot for GRUB[0m.
         Starting [0;1;39mGRUB failed boot detection[0m...
[[0;32m  OK  [0m] Finished [0;1;39mGRUB failed boot detection[0m.
[[0;32m  OK  [0m] Started [0;1;39mOpenBSD Secure Shell server[0m.
[[0;32m  OK  [0m] Started [0;1;39mLSB: automatic crash report generation[0m.
[[0;32m  OK  [0m] Started [0;1;39mUser Login Management[0m.
[[0;32m  OK  [0m] Started [0;1;39mUnattended Upgrades Shutdown[0m.
[[0;32m  OK  [0m] Started [0;1;39mHostname Service[0m.
         Starting [0;1;39mAuthorization Manager[0m...
[[0;32m  OK  [0m] Started [0;1;39mAuthorization Manager[0m.
[[0;32m  OK  [0m] Started [0;1;39mDispatcher daemon for systemd-networkd[0m.
[[0;32m  OK  [0m] Started [0;1;39mSnap Daemon[0m.
         Starting [0;1;39mTime & Date Service[0m...
[[0;32m  OK  [0m] Started [0;1;39mTime & Date Service[0m.
[[0;32m  OK  [0m] Finished [0;1;39mWait until snapd is fully seeded[0m.
         Starting [0;1;39mCloud-init: Config Stage[0m...
[[0;32m  OK  [0m] Finished [0;1;39mService for snap application lxd.activate[0m.
[[0;32m  OK  [0m] Reached target [0;1;39mMulti-User System[0m.
[[0;32m  OK  [0m] Reached target [0;1;39mGraphical Interface[0m.
         Starting [0;1;39mRecord Runlevel Change in UTMP[0m...
[[0;32m  OK  [0m] Finished [0;1;39mRecord Runlevel Change in UTMP[0m.
[16828.314277] cloud-init[782]: Cloud-init v. 24.3.1-0ubuntu0~22.04.1 running 'modules:config' at Fri, 27 Dec 2024 22:59:08 +0000. Up 16828.20 seconds.
[[0;32m  OK  [0m] Finished [0;1;39mCloud-init: Config Stage[0m.
         Starting [0;1;39mCloud-init: Final Stage[0m...
[16829.396851] cloud-init[805]: Cloud-init v. 24.3.1-0ubuntu0~22.04.1 running 'modules:final' at Fri, 27 Dec 2024 22:59:09 +0000. Up 16829.26 seconds.
[16829.485004] cloud-init[805]: Cloud-init v. 24.3.1-0ubuntu0~22.04.1 finished at Fri, 27 Dec 2024 22:59:09 +0000. Datasource DataSourceNoCloud [seed=/dev/sdb].  Up 16829.47 seconds

Ubuntu 22.04.5 LTS ubuntu-jammy ttyS0

ubuntu-jammy login: 